TN:
SF:src/components/ActiveRunners.tsx
FN:8,ActiveRunners
FN:16,(anonymous_1)
FN:17,(anonymous_2)
FN:44,(anonymous_3)
FN:63,(anonymous_4)
FNF:5
FNH:5
FNDA:21,ActiveRunners
FNDA:14,(anonymous_1)
FNDA:7,(anonymous_2)
FNDA:9,(anonymous_3)
FNDA:9,(anonymous_4)
DA:6,2
DA:15,21
DA:16,14
DA:18,7
DA:19,7
DA:20,7
DA:21,1
DA:24,21
DA:26,6
DA:27,1
DA:34,5
DA:35,5
DA:37,5
DA:45,9
DA:64,9
DA:65,9
LF:16
LH:16
BRDA:18,0,0,6
BRDA:18,0,1,1
BRDA:19,1,0,5
BRDA:19,1,1,2
BRDA:20,2,0,6
BRDA:20,2,1,1
BRDA:24,3,0,15
BRDA:24,3,1,6
BRDA:26,4,0,1
BRDA:26,4,1,5
BRDA:49,5,0,9
BRDA:49,5,1,9
BRDA:49,6,0,9
BRDA:49,6,1,1
BRDA:54,7,0,9
BRDA:54,7,1,9
BRDA:57,8,0,9
BRDA:57,8,1,1
BRDA:65,9,0,0
BRDA:65,9,1,9
BRDA:68,10,0,0
BRDA:68,10,1,0
BRDA:76,11,0,5
BRDA:76,11,1,1
BRF:24
BRH:21
end_of_record
TN:
SF:src/components/ConfirmDialog.tsx
FN:10,ConfirmDialog
FN:20,(anonymous_1)
FNF:2
FNH:0
FNDA:0,ConfirmDialog
FNDA:0,(anonymous_1)
DA:18,0
DA:20,0
LF:2
LH:0
BRDA:13,0,0,0
BRDA:14,1,0,0
BRDA:27,2,0,0
BRDA:27,2,1,0
BRF:4
BRH:0
end_of_record
TN:
SF:src/components/DockerBadge.tsx
FN:2,DockerBadge
FNF:1
FNH:1
FNDA:2,DockerBadge
DA:3,2
LF:1
LH:1
BRF:0
BRH:0
end_of_record
TN:
SF:src/components/JobProgress.tsx
FN:17,formatDuration
FN:28,StepIcon
FN:60,JobProgress
FN:76,(anonymous_3)
FN:77,(anonymous_4)
FN:79,(anonymous_5)
FN:79,(anonymous_6)
FN:80,(anonymous_7)
FN:84,(anonymous_8)
FN:94,(anonymous_9)
FN:160,(anonymous_10)
FN:169,(anonymous_11)
FN:185,(anonymous_12)
FN:190,(anonymous_13)
FN:260,(anonymous_14)
FN:287,(anonymous_15)
FNF:16
FNH:0
FNDA:0,formatDuration
FNDA:0,StepIcon
FNDA:0,JobProgress
FNDA:0,(anonymous_3)
FNDA:0,(anonymous_4)
FNDA:0,(anonymous_5)
FNDA:0,(anonymous_6)
FNDA:0,(anonymous_7)
FNDA:0,(anonymous_8)
FNDA:0,(anonymous_9)
FNDA:0,(anonymous_10)
FNDA:0,(anonymous_11)
FNDA:0,(anonymous_12)
FNDA:0,(anonymous_13)
FNDA:0,(anonymous_14)
FNDA:0,(anonymous_15)
DA:18,0
DA:19,0
DA:20,0
DA:21,0
DA:22,0
DA:23,0
DA:24,0
DA:25,0
DA:29,0
DA:31,0
DA:37,0
DA:43,0
DA:49,0
DA:52,0
DA:72,0
DA:73,0
DA:76,0
DA:77,0
DA:78,0
DA:79,0
DA:80,0
DA:84,0
DA:85,0
DA:86,0
DA:87,0
DA:88,0
DA:93,0
DA:94,0
DA:97,0
DA:161,0
DA:162,0
DA:163,0
DA:164,0
DA:166,0
DA:170,0
DA:186,0
DA:187,0
DA:191,0
DA:192,0
DA:261,0
DA:288,0
LF:41
LH:0
BRDA:18,0,0,0
BRDA:18,0,1,0
BRDA:20,1,0,0
BRDA:20,1,1,0
BRDA:22,2,0,0
BRDA:22,2,1,0
BRDA:29,3,0,0
BRDA:29,3,1,0
BRDA:29,3,2,0
BRDA:29,3,3,0
BRDA:29,3,4,0
BRDA:29,3,5,0
BRDA:78,4,0,0
BRDA:78,4,1,0
BRDA:85,5,0,0
BRDA:85,5,1,0
BRDA:85,6,0,0
BRDA:85,6,1,0
BRDA:87,7,0,0
BRDA:87,7,1,0
BRDA:94,8,0,0
BRDA:94,8,1,0
BRDA:94,8,2,0
BRDA:104,9,0,0
BRDA:104,9,1,0
BRDA:105,10,0,0
BRDA:105,10,1,0
BRDA:105,11,0,0
BRDA:105,11,1,0
BRDA:114,12,0,0
BRDA:114,12,1,0
BRDA:118,13,0,0
BRDA:118,13,1,0
BRDA:129,14,0,0
BRDA:129,14,1,0
BRDA:133,15,0,0
BRDA:133,15,1,0
BRDA:151,16,0,0
BRDA:151,16,1,0
BRDA:157,17,0,0
BRDA:157,17,1,0
BRDA:170,18,0,0
BRDA:170,18,1,0
BRDA:177,19,0,0
BRDA:177,19,1,0
BRDA:178,20,0,0
BRDA:178,20,1,0
BRDA:179,21,0,0
BRDA:179,21,1,0
BRDA:182,22,0,0
BRDA:182,22,1,0
BRDA:186,23,0,0
BRDA:186,23,1,0
BRDA:186,24,0,0
BRDA:186,24,1,0
BRDA:191,25,0,0
BRDA:191,25,1,0
BRDA:191,26,0,0
BRDA:191,26,1,0
BRDA:214,27,0,0
BRDA:214,27,1,0
BRDA:215,28,0,0
BRDA:215,28,1,0
BRDA:217,29,0,0
BRDA:217,29,1,0
BRDA:241,30,0,0
BRDA:241,30,1,0
BRDA:251,31,0,0
BRDA:251,31,1,0
BRDA:254,32,0,0
BRDA:254,32,1,0
BRDA:258,33,0,0
BRDA:258,33,1,0
BRDA:276,34,0,0
BRDA:276,34,1,0
BRDA:280,35,0,0
BRDA:280,35,1,0
BRDA:282,36,0,0
BRDA:282,36,1,0
BRDA:300,37,0,0
BRDA:300,37,1,0
BRF:81
BRH:0
end_of_record
TN:
SF:src/components/Layout.tsx
FN:13,Layout
FN:16,(anonymous_1)
FN:27,(anonymous_2)
FN:31,(anonymous_3)
FN:32,(anonymous_4)
FN:36,(anonymous_5)
FN:38,(anonymous_6)
FN:41,(anonymous_7)
FN:46,(anonymous_8)
FN:63,(anonymous_9)
FN:68,(anonymous_10)
FN:71,(anonymous_11)
FN:75,(anonymous_12)
FN:82,(anonymous_13)
FN:88,(anonymous_14)
FN:89,(anonymous_15)
FN:93,(anonymous_16)
FN:96,(anonymous_17)
FN:98,(anonymous_18)
FN:98,(anonymous_19)
FN:99,(anonymous_20)
FN:104,(anonymous_21)
FN:106,check
FN:126,(anonymous_23)
FN:138,(anonymous_24)
FN:138,(anonymous_25)
FNF:26
FNH:0
FNDA:0,Layout
FNDA:0,(anonymous_1)
FNDA:0,(anonymous_2)
FNDA:0,(anonymous_3)
FNDA:0,(anonymous_4)
FNDA:0,(anonymous_5)
FNDA:0,(anonymous_6)
FNDA:0,(anonymous_7)
FNDA:0,(anonymous_8)
FNDA:0,(anonymous_9)
FNDA:0,(anonymous_10)
FNDA:0,(anonymous_11)
FNDA:0,(anonymous_12)
FNDA:0,(anonymous_13)
FNDA:0,(anonymous_14)
FNDA:0,(anonymous_15)
FNDA:0,(anonymous_16)
FNDA:0,(anonymous_17)
FNDA:0,(anonymous_18)
FNDA:0,(anonymous_19)
FNDA:0,(anonymous_20)
FNDA:0,(anonymous_21)
FNDA:0,check
FNDA:0,(anonymous_23)
FNDA:0,(anonymous_24)
FNDA:0,(anonymous_25)
DA:11,0
DA:14,0
DA:15,0
DA:16,0
DA:18,0
DA:19,0
DA:20,0
DA:21,0
DA:22,0
DA:23,0
DA:24,0
DA:25,0
DA:27,0
DA:28,0
DA:32,0
DA:33,0
DA:38,0
DA:41,0
DA:42,0
DA:43,0
DA:44,0
DA:45,0
DA:46,0
DA:47,0
DA:48,0
DA:49,0
DA:50,0
DA:57,0
DA:59,0
DA:63,0
DA:64,0
DA:67,0
DA:68,0
DA:69,0
DA:72,0
DA:73,0
DA:82,0
DA:83,0
DA:84,0
DA:88,0
DA:89,0
DA:90,0
DA:92,0
DA:93,0
DA:96,0
DA:97,0
DA:98,0
DA:99,0
DA:101,0
DA:104,0
DA:105,0
DA:107,0
DA:108,0
DA:109,0
DA:110,0
DA:111,0
DA:113,0
DA:115,0
DA:118,0
DA:119,0
DA:120,0
DA:124,0
DA:125,0
DA:126,0
DA:127,0
DA:128,0
DA:132,0
DA:138,0
LF:68
LH:0
BRDA:48,0,0,0
BRDA:48,0,1,0
BRDA:69,1,0,0
BRDA:69,1,1,0
BRDA:72,2,0,0
BRDA:72,2,1,0
BRDA:97,3,0,0
BRDA:97,3,1,0
BRDA:109,4,0,0
BRDA:109,4,1,0
BRDA:110,5,0,0
BRDA:110,5,1,0
BRDA:118,6,0,0
BRDA:118,6,1,0
BRDA:139,7,0,0
BRDA:139,7,1,0
BRDA:141,8,0,0
BRDA:141,8,1,0
BRDA:145,9,0,0
BRDA:145,9,1,0
BRDA:165,10,0,0
BRDA:165,10,1,0
BRF:22
BRH:0
end_of_record
TN:
SF:src/components/NewRunnerWizard.tsx
FN:30,generateName
FN:42,NewRunnerWizard
FN:51,(anonymous_2)
FN:61,(anonymous_3)
FN:73,(anonymous_4)
FN:113,(anonymous_5)
FN:117,(anonymous_6)
FN:120,(anonymous_7)
FN:123,(anonymous_8)
FN:128,(anonymous_9)
FN:140,(anonymous_10)
FN:145,(anonymous_11)
FN:147,(anonymous_12)
FN:150,handleSelectRepo
FN:156,handleBack
FN:161,handleNext
FN:165,handleLaunch
FN:171,(anonymous_17)
FN:201,(anonymous_18)
FN:224,(anonymous_19)
FN:235,(anonymous_20)
FN:354,(anonymous_21)
FN:402,StepSelectRepo
FN:417,(anonymous_23)
FN:430,(anonymous_24)
FN:434,(anonymous_25)
FN:473,StepConfigure
FN:499,(anonymous_27)
FN:499,(anonymous_28)
FN:502,(anonymous_29)
FN:533,(anonymous_30)
FN:544,(anonymous_31)
FN:646,(anonymous_32)
FN:650,(anonymous_33)
FN:680,(anonymous_34)
FN:691,(anonymous_35)
FN:713,(anonymous_36)
FN:728,(anonymous_37)
FN:747,StepLaunch
FN:799,BatchSummary
FN:800,(anonymous_40)
FN:827,(anonymous_41)
FNF:42
FNH:35
FNDA:14,generateName
FNDA:104,NewRunnerWizard
FNDA:18,(anonymous_2)
FNDA:56,(anonymous_3)
FNDA:22,(anonymous_4)
FNDA:18,(anonymous_5)
FNDA:18,(anonymous_6)
FNDA:0,(anonymous_7)
FNDA:18,(anonymous_8)
FNDA:3,(anonymous_9)
FNDA:20,(anonymous_10)
FNDA:38,(anonymous_11)
FNDA:59,(anonymous_12)
FNDA:9,handleSelectRepo
FNDA:1,handleBack
FNDA:5,handleNext
FNDA:5,handleLaunch
FNDA:8,(anonymous_17)
FNDA:0,(anonymous_18)
FNDA:118,(anonymous_19)
FNDA:312,(anonymous_20)
FNDA:0,(anonymous_21)
FNDA:32,StepSelectRepo
FNDA:1,(anonymous_23)
FNDA:54,(anonymous_24)
FNDA:9,(anonymous_25)
FNDA:24,StepConfigure
FNDA:240,(anonymous_27)
FNDA:240,(anonymous_28)
FNDA:1,(anonymous_29)
FNDA:72,(anonymous_30)
FNDA:2,(anonymous_31)
FNDA:18,(anonymous_32)
FNDA:1,(anonymous_33)
FNDA:1,(anonymous_34)
FNDA:0,(anonymous_35)
FNDA:1,(anonymous_36)
FNDA:0,(anonymous_37)
FNDA:11,StepLaunch
FNDA:1,BatchSummary
FNDA:0,(anonymous_40)
FNDA:0,(anonymous_41)
DA:14,1
DA:15,1
DA:27,1
DA:28,1
DA:31,14
DA:32,14
DA:33,14
DA:48,104
DA:49,104
DA:50,104
DA:51,104
DA:52,18
DA:54,104
DA:55,104
DA:56,104
DA:61,104
DA:62,56
DA:63,37
DA:64,1
DA:65,1
DA:66,1
DA:68,37
DA:69,37
DA:71,19
DA:73,22
DA:74,56
DA:75,8
DA:76,5
DA:78,0
DA:79,0
DA:80,0
DA:81,0
DA:85,3
DA:88,7
DA:89,7
DA:91,7
DA:92,5
DA:93,5
DA:97,2
DA:98,2
DA:102,104
DA:103,104
DA:104,104
DA:105,104
DA:106,104
DA:107,104
DA:108,104
DA:109,104
DA:110,104
DA:113,104
DA:114,18
DA:115,18
DA:118,18
DA:121,0
DA:123,18
DA:124,18
DA:128,104
DA:129,3
DA:130,3
DA:131,2
DA:132,2
DA:133,1
DA:134,1
DA:135,1
DA:140,104
DA:141,20
DA:145,104
DA:146,38
DA:147,59
DA:151,9
DA:152,9
DA:153,9
DA:157,1
DA:158,0
DA:162,5
DA:166,5
DA:167,5
DA:168,5
DA:169,5
DA:171,8
DA:174,5
DA:176,5
DA:177,4
DA:178,4
DA:185,3
DA:187,1
DA:189,4
DA:193,1
DA:194,1
DA:201,1
DA:205,1
DA:206,0
DA:212,1
DA:213,1
DA:214,1
DA:216,0
DA:217,0
DA:222,104
DA:224,118
DA:227,104
DA:230,104
DA:236,312
DA:354,0
DA:410,32
DA:417,1
DA:431,54
DA:434,9
DA:489,24
DA:499,240
DA:500,240
DA:502,1
DA:534,72
DA:535,72
DA:536,72
DA:541,72
DA:544,2
DA:647,18
DA:650,1
DA:680,1
DA:692,0
DA:693,0
DA:713,1
DA:728,0
DA:748,11
DA:750,11
DA:800,1
DA:801,1
DA:802,1
DA:804,1
DA:828,0
LF:130
LH:116
BRDA:49,0,0,19
BRDA:49,0,1,85
BRDA:62,1,0,37
BRDA:62,1,1,19
BRDA:63,2,0,1
BRDA:63,2,1,36
BRDA:71,3,0,5
BRDA:71,3,1,14
BRDA:73,4,0,14
BRDA:73,4,1,4
BRDA:74,5,0,8
BRDA:74,5,1,48
BRDA:75,6,0,5
BRDA:75,6,1,3
BRDA:76,7,0,5
BRDA:76,7,1,0
BRDA:85,8,0,2
BRDA:85,8,1,1
BRDA:85,9,0,3
BRDA:85,9,1,3
BRDA:91,10,0,5
BRDA:91,10,1,2
BRDA:118,11,0,18
BRDA:118,11,1,0
BRDA:121,12,0,0
BRDA:121,12,1,0
BRDA:130,13,0,2
BRDA:130,13,1,1
BRDA:133,14,0,1
BRDA:133,14,1,0
BRDA:141,15,0,2
BRDA:141,15,1,18
BRDA:157,16,0,1
BRDA:157,16,1,0
BRDA:157,17,0,0
BRDA:157,17,1,0
BRDA:162,18,0,5
BRDA:162,18,1,0
BRDA:166,19,0,0
BRDA:166,19,1,5
BRDA:174,20,0,2
BRDA:174,20,1,3
BRDA:176,21,0,4
BRDA:176,21,1,1
BRDA:180,22,0,4
BRDA:180,22,1,0
BRDA:227,23,0,104
BRDA:227,23,1,48
BRDA:227,23,2,12
BRDA:228,24,0,100
BRDA:228,24,1,4
BRDA:239,25,0,104
BRDA:239,25,1,208
BRDA:239,26,0,73
BRDA:239,26,1,135
BRDA:242,27,0,73
BRDA:242,27,1,239
BRDA:250,28,0,104
BRDA:250,28,1,46
BRDA:260,29,0,104
BRDA:260,29,1,43
BRDA:260,29,2,10
BRDA:286,30,0,104
BRDA:286,30,1,43
BRDA:286,30,2,33
BRDA:304,31,0,104
BRDA:304,31,1,15
BRDA:304,31,2,15
BRDA:304,31,3,11
BRDA:315,32,0,104
BRDA:315,32,1,15
BRDA:315,32,2,4
BRDA:315,32,3,3
BRDA:333,33,0,104
BRDA:333,33,1,15
BRDA:333,33,2,4
BRDA:333,33,3,1
BRDA:339,34,0,104
BRDA:339,34,1,100
BRDA:341,35,0,46
BRDA:341,35,1,54
BRDA:350,36,0,100
BRDA:350,36,1,46
BRDA:359,37,0,100
BRDA:359,37,1,43
BRDA:362,38,0,43
BRDA:362,38,1,32
BRDA:368,39,0,100
BRDA:368,39,1,11
BRDA:370,40,0,5
BRDA:370,40,1,6
BRDA:372,41,0,1
BRDA:372,41,1,5
BRDA:379,42,0,104
BRDA:379,42,1,4
BRDA:422,43,0,13
BRDA:422,43,1,19
BRDA:424,44,0,0
BRDA:424,44,1,19
BRDA:433,45,0,1
BRDA:433,45,1,53
BRDA:442,46,0,19
BRDA:442,46,1,35
BRDA:443,47,0,19
BRDA:443,47,1,35
BRDA:446,48,0,19
BRDA:446,48,1,35
BRDA:511,49,0,24
BRDA:511,49,1,216
BRDA:513,50,0,24
BRDA:513,50,1,216
BRDA:514,51,0,24
BRDA:514,51,1,216
BRDA:515,52,0,24
BRDA:515,52,1,216
BRDA:524,53,0,23
BRDA:524,53,1,1
BRDA:535,54,0,72
BRDA:535,54,1,24
BRDA:536,55,0,1
BRDA:536,55,1,71
BRDA:538,56,0,24
BRDA:538,56,1,47
BRDA:544,57,0,2
BRDA:544,57,1,2
BRDA:547,58,0,1
BRDA:547,58,1,71
BRDA:554,59,0,24
BRDA:554,59,1,48
BRDA:555,60,0,24
BRDA:555,60,1,48
BRDA:557,61,0,1
BRDA:557,61,1,71
BRDA:559,62,0,1
BRDA:559,62,1,71
BRDA:568,63,0,24
BRDA:568,63,1,48
BRDA:575,64,0,24
BRDA:575,64,1,48
BRDA:590,65,0,24
BRDA:590,65,1,24
BRDA:624,66,0,24
BRDA:624,66,1,48
BRDA:624,67,0,24
BRDA:624,67,1,24
BRDA:628,68,0,24
BRDA:628,68,1,48
BRDA:630,69,0,24
BRDA:630,69,1,24
BRDA:632,70,0,1
BRDA:632,70,1,23
BRDA:642,71,0,24
BRDA:642,71,1,6
BRDA:657,72,0,6
BRDA:657,72,1,12
BRDA:658,73,0,6
BRDA:658,73,1,12
BRDA:671,74,0,24
BRDA:671,74,1,6
BRDA:712,75,0,1
BRDA:712,75,1,23
BRDA:715,76,0,1
BRDA:715,76,1,23
BRDA:756,77,0,11
BRDA:756,77,1,1
BRDA:766,78,0,2
BRDA:766,78,1,9
BRDA:783,79,0,11
BRDA:783,79,1,4
BRDA:811,80,0,1
BRDA:811,80,1,0
BRDA:814,81,0,1
BRDA:814,81,1,0
BRDA:817,82,0,1
BRDA:817,82,1,0
BRDA:818,83,0,1
BRDA:818,83,1,0
BRDA:836,84,0,0
BRDA:836,84,1,0
BRDA:837,85,0,0
BRDA:837,85,1,0
BRDA:841,86,0,0
BRDA:841,86,1,0
BRDA:842,87,0,0
BRDA:842,87,1,0
BRDA:847,88,0,0
BRDA:847,88,1,0
BRF:187
BRH:161
end_of_record
TN:
SF:src/components/RenameRunnerDialog.tsx
FN:10,RenameRunnerDialog
FN:20,(anonymous_1)
FN:25,(anonymous_2)
FN:26,handleKeyDown
FN:30,(anonymous_4)
FN:33,handleSubmit
FN:50,(anonymous_6)
FN:65,(anonymous_7)
FNF:8
FNH:0
FNDA:0,RenameRunnerDialog
FNDA:0,(anonymous_1)
FNDA:0,(anonymous_2)
FNDA:0,handleKeyDown
FNDA:0,(anonymous_4)
FNDA:0,handleSubmit
FNDA:0,(anonymous_6)
FNDA:0,(anonymous_7)
DA:11,0
DA:12,0
DA:13,0
DA:14,0
DA:16,0
DA:17,0
DA:18,0
DA:20,0
DA:21,0
DA:22,0
DA:25,0
DA:27,0
DA:29,0
DA:30,0
DA:34,0
DA:35,0
DA:37,0
DA:38,0
DA:39,0
DA:40,0
DA:41,0
DA:43,0
DA:44,0
DA:48,0
DA:50,0
DA:65,0
LF:26
LH:0
BRDA:11,0,0,0
BRDA:11,0,1,0
BRDA:16,1,0,0
BRDA:16,1,1,0
BRDA:17,2,0,0
BRDA:17,2,1,0
BRDA:27,3,0,0
BRDA:27,3,1,0
BRDA:27,4,0,0
BRDA:27,4,1,0
BRDA:35,5,0,0
BRDA:35,5,1,0
BRDA:35,6,0,0
BRDA:35,6,1,0
BRDA:49,7,0,0
BRDA:49,7,1,0
BRDA:68,8,0,0
BRDA:68,8,1,0
BRDA:73,9,0,0
BRDA:73,9,1,0
BRDA:74,10,0,0
BRDA:74,10,1,0
BRDA:74,11,0,0
BRDA:74,11,1,0
BRF:24
BRH:0
end_of_record
TN:
SF:src/components/RunnerActions.tsx
FN:16,RunnerActions
FN:40,(anonymous_1)
FN:42,handleClick
FN:48,(anonymous_3)
FN:61,(anonymous_4)
FN:71,(anonymous_5)
FN:80,(anonymous_6)
FN:88,(anonymous_7)
FN:96,(anonymous_8)
FN:106,(anonymous_9)
FN:106,(anonymous_10)
FN:114,(anonymous_11)
FN:125,(anonymous_12)
FN:136,(anonymous_13)
FN:145,(anonymous_14)
FN:155,(anonymous_15)
FN:166,(anonymous_16)
FN:174,(anonymous_17)
FN:178,(anonymous_18)
FN:185,Spinner
FNF:20
FNH:3
FNDA:8,RunnerActions
FNDA:8,(anonymous_1)
FNDA:0,handleClick
FNDA:0,(anonymous_3)
FNDA:0,(anonymous_4)
FNDA:0,(anonymous_5)
FNDA:0,(anonymous_6)
FNDA:0,(anonymous_7)
FNDA:0,(anonymous_8)
FNDA:0,(anonymous_9)
FNDA:0,(anonymous_10)
FNDA:0,(anonymous_11)
FNDA:0,(anonymous_12)
FNDA:0,(anonymous_13)
FNDA:0,(anonymous_14)
FNDA:0,(anonymous_15)
FNDA:0,(anonymous_16)
FNDA:0,(anonymous_17)
FNDA:0,(anonymous_18)
FNDA:1,Spinner
DA:25,8
DA:26,8
DA:27,8
DA:28,8
DA:30,8
DA:31,8
DA:33,8
DA:37,8
DA:38,8
DA:40,8
DA:41,8
DA:43,0
DA:44,0
DA:47,0
DA:48,0
DA:51,8
DA:53,7
DA:61,0
DA:71,0
DA:80,0
DA:88,0
DA:96,0
DA:106,0
DA:115,0
DA:116,0
DA:126,0
DA:127,0
DA:137,0
DA:138,0
DA:146,0
DA:147,0
DA:156,0
DA:157,0
DA:166,0
DA:175,0
DA:176,0
DA:178,0
DA:186,1
LF:38
LH:14
BRDA:22,0,0,8
BRDA:23,1,0,8
BRDA:30,2,0,8
BRDA:30,2,1,1
BRDA:31,3,0,8
BRDA:31,3,1,7
BRDA:33,4,0,8
BRDA:33,4,1,8
BRDA:33,4,2,8
BRDA:33,4,3,8
BRDA:37,5,0,8
BRDA:37,5,1,1
BRDA:38,6,0,8
BRDA:38,6,1,8
BRDA:41,7,0,8
BRDA:41,7,1,0
BRDA:43,8,0,0
BRDA:43,8,1,0
BRDA:43,9,0,0
BRDA:43,9,1,0
BRDA:51,10,0,1
BRDA:51,10,1,7
BRDA:57,11,0,7
BRDA:57,11,1,1
BRDA:58,12,0,8
BRDA:58,12,1,0
BRDA:68,13,0,8
BRDA:68,13,1,7
BRDA:82,14,0,8
BRDA:82,14,1,6
BRDA:98,15,0,8
BRDA:98,15,1,6
BRDA:109,16,0,8
BRDA:109,16,1,0
BRDA:111,17,0,0
BRDA:111,17,1,0
BRDA:122,18,0,0
BRDA:122,18,1,0
BRDA:166,19,0,8
BRDA:166,19,1,0
BRDA:168,20,0,8
BRDA:168,20,1,0
BRDA:171,21,0,0
BRDA:171,21,1,0
BRF:44
BRH:29
end_of_record
TN:
SF:src/components/RunnerGroupRow.tsx
FN:20,RunnerGroupRow
FN:41,(anonymous_1)
FN:43,(anonymous_2)
FN:45,(anonymous_3)
FN:46,(anonymous_4)
FN:48,(anonymous_5)
FN:50,handleClick
FN:56,(anonymous_7)
FN:114,(anonymous_8)
FN:123,(anonymous_9)
FN:133,(anonymous_10)
FN:142,(anonymous_11)
FN:150,(anonymous_12)
FN:158,(anonymous_13)
FN:166,(anonymous_14)
FN:178,(anonymous_15)
FN:178,(anonymous_16)
FN:188,(anonymous_17)
FN:199,(anonymous_18)
FN:209,(anonymous_19)
FN:218,(anonymous_20)
FN:228,(anonymous_21)
FN:238,(anonymous_22)
FN:259,(anonymous_23)
FN:263,(anonymous_24)
FN:270,Spinner
FNF:26
FNH:5
FNDA:3,RunnerGroupRow
FNDA:0,(anonymous_1)
FNDA:6,(anonymous_2)
FNDA:6,(anonymous_3)
FNDA:6,(anonymous_4)
FNDA:2,(anonymous_5)
FNDA:0,handleClick
FNDA:0,(anonymous_7)
FNDA:0,(anonymous_8)
FNDA:0,(anonymous_9)
FNDA:0,(anonymous_10)
FNDA:0,(anonymous_11)
FNDA:0,(anonymous_12)
FNDA:0,(anonymous_13)
FNDA:0,(anonymous_14)
FNDA:0,(anonymous_15)
FNDA:0,(anonymous_16)
FNDA:0,(anonymous_17)
FNDA:0,(anonymous_18)
FNDA:0,(anonymous_19)
FNDA:0,(anonymous_20)
FNDA:0,(anonymous_21)
FNDA:0,(anonymous_22)
FNDA:0,(anonymous_23)
FNDA:0,(anonymous_24)
FNDA:0,Spinner
DA:34,3
DA:35,3
DA:36,3
DA:38,3
DA:39,3
DA:40,3
DA:41,3
DA:43,6
DA:44,3
DA:45,6
DA:46,6
DA:48,3
DA:49,2
DA:51,0
DA:52,0
DA:55,0
DA:56,0
DA:59,3
DA:114,0
DA:123,0
DA:133,0
DA:142,0
DA:150,0
DA:158,0
DA:166,0
DA:178,0
DA:189,0
DA:190,0
DA:200,0
DA:201,0
DA:210,0
DA:211,0
DA:219,0
DA:220,0
DA:229,0
DA:230,0
DA:239,0
DA:240,0
DA:260,0
DA:261,0
DA:263,0
DA:271,0
LF:42
LH:14
BRDA:31,0,0,3
BRDA:32,1,0,3
BRDA:38,2,0,3
BRDA:38,2,1,0
BRDA:39,3,0,3
BRDA:39,3,1,0
BRDA:40,4,0,3
BRDA:40,4,1,0
BRDA:43,5,0,6
BRDA:43,5,1,0
BRDA:45,6,0,6
BRDA:45,6,1,6
BRDA:49,7,0,2
BRDA:49,7,1,0
BRDA:51,8,0,0
BRDA:51,8,1,0
BRDA:51,9,0,0
BRDA:51,9,1,0
BRDA:63,10,0,0
BRDA:63,10,1,3
BRDA:65,11,0,0
BRDA:65,11,1,3
BRDA:66,12,0,0
BRDA:66,12,1,3
BRDA:72,13,0,1
BRDA:72,13,1,2
BRDA:101,14,0,3
BRDA:101,14,1,0
BRDA:106,15,0,3
BRDA:106,15,1,0
BRDA:115,16,0,3
BRDA:115,16,1,3
BRDA:119,17,0,3
BRDA:119,17,1,0
BRDA:120,18,0,3
BRDA:120,18,1,0
BRDA:130,19,0,3
BRDA:130,19,1,3
BRDA:152,20,0,3
BRDA:152,20,1,3
BRDA:160,21,0,3
BRDA:160,21,1,3
BRDA:183,22,0,3
BRDA:183,22,1,0
BRDA:185,23,0,0
BRDA:185,23,1,0
BRDA:196,24,0,0
BRDA:196,24,1,0
BRDA:253,25,0,3
BRDA:253,25,1,0
BRF:50
BRH:28
end_of_record
TN:
SF:src/components/RunnerTable.tsx
FN:29,SvcBadge
FN:60,CpuValue
FN:90,RunnerTable
FN:108,(anonymous_3)
FN:111,(anonymous_4)
FN:112,(anonymous_5)
FN:125,(anonymous_6)
FN:132,(anonymous_7)
FN:133,(anonymous_8)
FN:171,(anonymous_9)
FN:174,(anonymous_10)
FN:178,(anonymous_11)
FN:186,(anonymous_12)
FN:196,(anonymous_13)
FN:199,(anonymous_14)
FN:213,(anonymous_15)
FN:222,(anonymous_16)
FN:233,(anonymous_17)
FN:240,MiniProgressBar
FN:249,(anonymous_19)
FN:250,(anonymous_20)
FN:250,(anonymous_21)
FN:251,(anonymous_22)
FN:272,formatDuration
FN:282,LastJobSummary
FN:338,RunnerRow
FN:439,(anonymous_26)
FNF:27
FNH:18
FNDA:1,SvcBadge
FNDA:8,CpuValue
FNDA:9,RunnerTable
FNDA:8,(anonymous_3)
FNDA:1,(anonymous_4)
FNDA:1,(anonymous_5)
FNDA:9,(anonymous_6)
FNDA:8,(anonymous_7)
FNDA:3,(anonymous_8)
FNDA:3,(anonymous_9)
FNDA:6,(anonymous_10)
FNDA:3,(anonymous_11)
FNDA:1,(anonymous_12)
FNDA:2,(anonymous_13)
FNDA:2,(anonymous_14)
FNDA:0,(anonymous_15)
FNDA:6,(anonymous_16)
FNDA:0,(anonymous_17)
FNDA:0,MiniProgressBar
FNDA:0,(anonymous_19)
FNDA:0,(anonymous_20)
FNDA:0,(anonymous_21)
FNDA:0,(anonymous_22)
FNDA:0,formatDuration
FNDA:8,LastJobSummary
FNDA:8,RunnerRow
FNDA:0,(anonymous_26)
DA:10,1
DA:30,1
DA:61,8
DA:63,0
DA:68,8
DA:106,9
DA:107,9
DA:108,8
DA:111,9
DA:112,1
DA:113,1
DA:114,1
DA:115,0
DA:116,0
DA:118,1
DA:119,1
DA:121,1
DA:125,9
DA:126,9
DA:127,0
DA:128,0
DA:129,0
DA:132,9
DA:133,8
DA:134,3
DA:137,8
DA:138,8
DA:139,8
DA:140,10
DA:141,4
DA:142,4
DA:143,4
DA:144,4
DA:145,4
DA:146,4
DA:148,6
DA:152,8
DA:153,8
DA:154,8
DA:157,9
DA:158,1
DA:168,8
DA:172,3
DA:173,3
DA:174,6
DA:176,3
DA:178,3
DA:179,3
DA:186,1
DA:198,2
DA:199,2
DA:200,2
DA:213,0
DA:223,6
DA:233,0
DA:247,0
DA:249,0
DA:250,0
DA:251,0
DA:254,0
DA:255,0
DA:256,0
DA:257,0
DA:259,0
DA:273,0
DA:274,0
DA:275,0
DA:276,0
DA:277,0
DA:278,0
DA:279,0
DA:283,8
DA:284,8
DA:286,0
DA:287,8
DA:289,8
DA:291,8
DA:363,8
DA:365,8
DA:439,0
LF:80
LH:54
BRDA:61,0,0,8
BRDA:61,0,1,0
BRDA:63,1,0,0
BRDA:63,1,1,0
BRDA:65,2,0,0
BRDA:65,2,1,0
BRDA:104,3,0,9
BRDA:114,4,0,0
BRDA:114,4,1,1
BRDA:126,5,0,9
BRDA:126,5,1,0
BRDA:126,6,0,9
BRDA:126,6,1,0
BRDA:140,7,0,4
BRDA:140,7,1,6
BRDA:144,8,0,4
BRDA:144,8,1,2
BRDA:157,9,0,1
BRDA:157,9,1,8
BRDA:176,10,0,3
BRDA:176,10,1,0
BRDA:178,11,0,3
BRDA:178,11,1,3
BRDA:195,12,0,3
BRDA:195,12,1,1
BRDA:198,13,0,2
BRDA:198,13,1,2
BRDA:265,14,0,0
BRDA:265,14,1,0
BRDA:273,15,0,0
BRDA:273,15,1,0
BRDA:276,16,0,0
BRDA:276,16,1,0
BRDA:276,17,0,0
BRDA:276,17,1,0
BRDA:279,18,0,0
BRDA:279,18,1,0
BRDA:284,19,0,8
BRDA:284,19,1,0
BRDA:286,20,0,0
BRDA:286,20,1,0
BRDA:287,21,0,0
BRDA:287,21,1,0
BRDA:304,22,0,0
BRDA:304,22,1,0
BRDA:304,23,0,0
BRDA:304,23,1,0
BRDA:304,24,0,0
BRDA:304,24,1,0
BRDA:308,25,0,8
BRDA:308,25,1,0
BRDA:317,26,0,0
BRDA:317,26,1,0
BRDA:320,27,0,0
BRDA:320,27,1,0
BRDA:324,28,0,0
BRDA:324,28,1,0
BRDA:328,29,0,8
BRDA:328,29,1,0
BRDA:363,30,0,8
BRDA:363,30,1,8
BRDA:367,31,0,2
BRDA:367,31,1,6
BRDA:369,32,0,1
BRDA:369,32,1,7
BRDA:370,33,0,1
BRDA:370,33,1,7
BRDA:371,34,0,1
BRDA:371,34,1,7
BRDA:378,35,0,8
BRDA:378,35,1,2
BRDA:388,36,0,2
BRDA:388,36,1,0
BRDA:391,37,0,8
BRDA:391,37,1,6
BRDA:391,37,2,1
BRDA:395,38,0,0
BRDA:395,38,1,8
BRDA:407,39,0,8
BRDA:407,39,1,0
BRDA:408,40,0,8
BRDA:408,40,1,8
BRDA:408,40,2,6
BRDA:415,41,0,0
BRDA:415,41,1,6
BRDA:415,42,0,1
BRDA:415,42,1,5
BRDA:421,43,0,6
BRDA:421,43,1,0
BRDA:422,44,0,6
BRDA:422,44,1,0
BRDA:422,44,2,0
BRDA:423,45,0,6
BRDA:423,45,1,6
BRDA:434,46,0,8
BRDA:434,46,1,8
BRDA:434,47,0,0
BRDA:434,47,1,8
BRDA:437,48,0,8
BRDA:437,48,1,8
BRDA:440,49,0,0
BRDA:440,49,1,8
BRDA:440,50,0,8
BRDA:440,50,1,0
BRDA:440,50,2,0
BRDA:448,51,0,8
BRDA:448,51,1,8
BRF:107
BRH:58
end_of_record
TN:
SF:src/components/Sidebar.tsx
FN:6,RunnersIcon
FN:23,RepositoriesIcon
FN:40,DaemonIcon
FN:58,SettingsIcon
FN:83,Sidebar
FN:102,(anonymous_5)
FN:106,(anonymous_6)
FN:125,(anonymous_7)
FNF:8
FNH:7
FNDA:7,RunnersIcon
FNDA:7,RepositoriesIcon
FNDA:7,DaemonIcon
FNDA:7,SettingsIcon
FNDA:14,Sidebar
FNDA:56,(anonymous_5)
FNDA:56,(anonymous_6)
FNDA:0,(anonymous_7)
DA:7,7
DA:24,7
DA:41,7
DA:59,7
DA:76,1
DA:84,14
DA:85,14
DA:87,14
DA:103,56
DA:106,56
DA:125,0
LF:11
LH:10
BRDA:88,0,0,6
BRDA:88,0,1,8
BRDA:99,1,0,14
BRDA:99,1,1,8
BRDA:106,2,0,0
BRDA:106,2,1,56
BRDA:107,3,0,24
BRDA:107,3,1,32
BRDA:110,4,0,56
BRDA:110,4,1,32
BRDA:116,5,0,1
BRDA:116,5,1,13
BRDA:119,6,0,1
BRDA:119,6,1,1
BRDA:129,7,0,6
BRDA:129,7,1,7
BRDA:134,8,0,6
BRDA:134,8,1,7
BRDA:137,9,0,6
BRDA:137,9,1,7
BRDA:142,10,0,13
BRDA:142,10,1,7
BRF:22
BRH:21
end_of_record
TN:
SF:src/components/StatsCard.tsx
FN:7,StatsCard
FNF:1
FNH:0
FNDA:0,StatsCard
DA:8,0
LF:1
LH:0
BRDA:11,0,0,0
BRDA:11,0,1,0
BRF:2
BRH:0
end_of_record
TN:
SF:src/components/StatusBadge.tsx
FN:22,StatusBadge
FNF:1
FNH:1
FNDA:26,StatusBadge
DA:3,2
DA:14,2
DA:23,26
DA:28,26
DA:29,26
DA:31,26
LF:6
LH:6
BRDA:23,0,0,26
BRDA:23,0,1,0
BRDA:29,1,0,1
BRDA:29,1,1,25
BRDA:29,2,0,26
BRDA:29,2,1,4
BRDA:33,3,0,12
BRDA:33,3,1,14
BRF:8
BRH:7
end_of_record
TN:
SF:src/hooks/AuthContext.tsx
FN:26,AuthProvider
FN:35,(anonymous_1)
FN:49,(anonymous_2)
FN:53,(anonymous_3)
FN:57,(anonymous_4)
FN:60,(anonymous_5)
FN:74,(anonymous_6)
FN:98,useAuth
FNF:8
FNH:8
FNDA:71,AuthProvider
FNDA:43,(anonymous_1)
FNDA:1,(anonymous_2)
FNDA:32,(anonymous_3)
FNDA:32,(anonymous_4)
FNDA:2,(anonymous_5)
FNDA:1,(anonymous_6)
FNDA:137,useAuth
DA:24,3
DA:27,71
DA:31,71
DA:32,71
DA:33,71
DA:35,71
DA:36,43
DA:37,43
DA:38,43
DA:39,43
DA:40,43
DA:41,43
DA:43,0
DA:45,43
DA:49,71
DA:50,1
DA:53,71
DA:54,32
DA:56,32
DA:57,32
DA:60,71
DA:61,2
DA:62,2
DA:63,2
DA:64,1
DA:65,1
DA:66,1
DA:68,1
DA:69,1
DA:70,1
DA:74,71
DA:75,1
DA:76,1
DA:77,1
DA:78,1
DA:79,1
DA:81,0
DA:82,0
DA:83,0
DA:84,0
DA:85,0
DA:89,71
DA:99,137
DA:100,137
DA:101,135
LF:45
LH:39
BRDA:39,0,0,0
BRDA:39,0,1,43
BRDA:43,1,0,0
BRDA:43,1,1,0
BRDA:45,2,0,43
BRDA:45,2,1,0
BRDA:100,3,0,2
BRDA:100,3,1,135
BRF:8
BRH:4
end_of_record
TN:
SF:src/hooks/useAuth.ts
FNF:0
FNH:0
LF:0
LH:0
BRF:0
BRH:0
end_of_record
TN:
SF:src/hooks/useDaemonLogs.ts
FN:5,useDaemonLogs
FN:14,(anonymous_1)
FN:28,(anonymous_2)
FN:32,(anonymous_3)
FN:35,(anonymous_4)
FN:40,(anonymous_5)
FNF:6
FNH:6
FNDA:3,useDaemonLogs
FNDA:2,(anonymous_1)
FNDA:1,(anonymous_2)
FNDA:2,(anonymous_3)
FNDA:1,(anonymous_4)
FNDA:1,(anonymous_5)
DA:6,3
DA:7,3
DA:8,3
DA:9,3
DA:10,3
DA:11,3
DA:12,3
DA:14,3
DA:15,2
DA:16,2
DA:17,2
DA:18,2
DA:19,2
DA:20,2
DA:22,0
DA:24,2
DA:28,3
DA:29,1
DA:32,1
DA:33,2
DA:34,2
DA:35,2
DA:39,1
DA:40,1
DA:41,1
DA:42,1
DA:43,1
DA:47,3
LF:28
LH:27
BRDA:5,0,0,3
BRDA:17,1,0,2
BRDA:17,1,1,2
BRDA:18,2,0,0
BRDA:18,2,1,2
BRDA:22,3,0,0
BRDA:22,3,1,0
BRDA:24,4,0,2
BRDA:24,4,1,0
BRDA:34,5,0,2
BRDA:34,5,1,0
BRDA:43,6,0,1
BRDA:43,6,1,0
BRF:13
BRH:7
end_of_record
TN:
SF:src/hooks/useEvents.ts
FN:5,useEvents
FN:8,(anonymous_1)
FN:13,(anonymous_2)
FN:18,(anonymous_3)
FN:25,(anonymous_4)
FN:35,(anonymous_5)
FNF:6
FNH:4
FNDA:28,useEvents
FNDA:10,(anonymous_1)
FNDA:0,(anonymous_2)
FNDA:0,(anonymous_3)
FNDA:10,(anonymous_4)
FNDA:10,(anonymous_5)
DA:6,28
DA:8,28
DA:9,10
DA:12,10
DA:13,10
DA:14,0
DA:15,0
DA:16,0
DA:19,0
DA:20,0
DA:22,0
DA:35,10
DA:36,10
DA:37,10
DA:41,28
LF:15
LH:9
BRDA:14,0,0,0
BRDA:14,0,1,0
BRDA:19,1,0,0
BRDA:19,1,1,0
BRF:4
BRH:0
end_of_record
TN:
SF:src/hooks/useJobHistory.ts
FN:5,useJobHistory
FN:10,(anonymous_1)
FN:24,(anonymous_2)
FN:34,(anonymous_3)
FN:37,(anonymous_4)
FN:42,(anonymous_5)
FNF:6
FNH:6
FNDA:4,useJobHistory
FNDA:2,(anonymous_1)
FNDA:1,(anonymous_2)
FNDA:2,(anonymous_3)
FNDA:1,(anonymous_4)
FNDA:1,(anonymous_5)
DA:6,4
DA:7,4
DA:8,4
DA:10,4
DA:11,2
DA:12,2
DA:13,2
DA:14,2
DA:15,2
DA:16,2
DA:20,2
DA:24,4
DA:25,1
DA:26,1
DA:27,1
DA:28,0
DA:29,0
DA:32,1
DA:34,1
DA:35,2
DA:36,2
DA:37,2
DA:41,1
DA:42,1
DA:43,1
DA:44,1
DA:45,1
DA:49,4
LF:28
LH:26
BRDA:11,0,0,0
BRDA:11,0,1,2
BRDA:16,1,0,2
BRDA:16,1,1,0
BRDA:20,2,0,2
BRDA:20,2,1,0
BRDA:27,3,0,0
BRDA:27,3,1,1
BRDA:36,4,0,2
BRDA:36,4,1,0
BRDA:45,5,0,1
BRDA:45,5,1,0
BRF:12
BRH:6
end_of_record
TN:
SF:src/hooks/useJobSteps.ts
FN:15,useJobSteps
FN:24,(anonymous_1)
FN:39,(anonymous_2)
FN:48,(anonymous_3)
FN:54,(anonymous_4)
FN:64,(anonymous_5)
FN:66,(anonymous_6)
FN:79,(anonymous_7)
FN:88,(anonymous_8)
FN:95,(anonymous_9)
FN:99,(anonymous_10)
FN:105,(anonymous_11)
FN:112,(anonymous_12)
FN:113,(anonymous_13)
FNF:14
FNH:11
FNDA:6,useJobSteps
FNDA:1,(anonymous_1)
FNDA:1,(anonymous_2)
FNDA:0,(anonymous_3)
FNDA:1,(anonymous_4)
FNDA:2,(anonymous_5)
FNDA:3,(anonymous_6)
FNDA:2,(anonymous_7)
FNDA:2,(anonymous_8)
FNDA:0,(anonymous_9)
FNDA:0,(anonymous_10)
FNDA:2,(anonymous_11)
FNDA:1,(anonymous_12)
FNDA:1,(anonymous_13)
DA:16,6
DA:17,6
DA:18,6
DA:19,6
DA:20,6
DA:21,6
DA:22,6
DA:24,6
DA:25,1
DA:26,1
DA:27,0
DA:28,0
DA:29,0
DA:30,0
DA:31,0
DA:32,0
DA:35,1
DA:37,1
DA:39,1
DA:40,1
DA:41,1
DA:42,1
DA:46,1
DA:47,1
DA:48,1
DA:53,1
DA:54,1
DA:55,1
DA:56,1
DA:57,1
DA:62,6
DA:64,2
DA:66,6
DA:67,3
DA:68,3
DA:71,2
DA:74,3
DA:75,3
DA:77,2
DA:79,2
DA:80,2
DA:81,2
DA:82,2
DA:83,2
DA:87,2
DA:88,2
DA:90,0
DA:95,0
DA:98,2
DA:99,1
DA:104,2
DA:105,2
DA:106,2
DA:107,2
DA:108,2
DA:112,6
DA:113,1
DA:116,6
LF:58
LH:50
BRDA:26,0,0,0
BRDA:26,0,1,1
BRDA:26,1,0,1
BRDA:26,1,1,1
BRDA:42,2,0,1
BRDA:42,2,1,0
BRDA:42,3,0,1
BRDA:42,3,1,1
BRDA:46,4,0,1
BRDA:46,4,1,0
BRDA:46,5,0,1
BRDA:46,5,1,1
BRDA:57,6,0,1
BRDA:57,6,1,0
BRDA:62,7,0,2
BRDA:62,7,1,4
BRDA:64,8,0,4
BRDA:64,8,1,2
BRDA:68,9,0,1
BRDA:68,9,1,2
BRDA:68,10,0,3
BRDA:68,10,1,2
BRDA:71,11,0,2
BRDA:71,11,1,1
BRDA:71,11,2,1
BRDA:75,12,0,0
BRDA:75,12,1,3
BRDA:75,13,0,3
BRDA:75,13,1,0
BRDA:82,14,0,0
BRDA:82,14,1,2
BRDA:82,15,0,2
BRDA:82,15,1,2
BRDA:87,16,0,1
BRDA:87,16,1,1
BRDA:90,17,0,0
BRDA:90,17,1,0
BRDA:91,18,0,0
BRDA:91,18,1,0
BRDA:91,18,2,0
BRDA:98,19,0,1
BRDA:98,19,1,1
BRDA:98,20,0,2
BRDA:98,20,1,2
BRDA:98,20,2,2
BRDA:108,21,0,1
BRDA:108,21,1,1
BRDA:113,22,0,0
BRDA:113,22,1,1
BRDA:117,23,0,6
BRDA:117,23,1,4
BRDA:118,24,0,6
BRDA:118,24,1,4
BRDA:119,25,0,6
BRDA:119,25,1,4
BRF:55
BRH:42
end_of_record
TN:
SF:src/hooks/useMetrics.ts
FN:5,useMetrics
FN:12,(anonymous_1)
FN:34,(anonymous_2)
FN:37,(anonymous_3)
FNF:4
FNH:4
FNDA:13,useMetrics
FNDA:8,(anonymous_1)
FNDA:5,(anonymous_2)
FNDA:5,(anonymous_3)
DA:6,13
DA:7,13
DA:8,13
DA:9,13
DA:10,13
DA:12,13
DA:17,8
DA:18,8
DA:19,8
DA:20,8
DA:21,7
DA:22,7
DA:24,1
DA:26,8
DA:27,8
DA:28,5
DA:29,5
DA:34,13
DA:35,5
DA:36,5
DA:37,5
DA:40,13
LF:22
LH:22
BRDA:5,0,0,13
BRDA:17,1,0,0
BRDA:17,1,1,8
BRDA:27,2,0,5
BRDA:27,2,1,3
BRF:5
BRH:4
end_of_record
TN:
SF:src/hooks/useNotifications.ts
FN:15,jobKey
FN:21,formatDuration
FN:28,notify
FN:41,useNotifications
FN:45,(anonymous_4)
FNF:5
FNH:5
FNDA:35,jobKey
FNDA:5,formatDuration
FNDA:12,notify
FNDA:36,useNotifications
FNDA:36,(anonymous_4)
DA:16,35
DA:17,35
DA:18,8
DA:22,5
DA:23,2
DA:24,2
DA:25,2
DA:29,12
DA:30,12
DA:31,11
DA:37,1
DA:42,36
DA:43,36
DA:45,36
DA:46,36
DA:48,35
DA:51,35
DA:52,18
DA:53,18
DA:54,19
DA:61,18
DA:62,18
DA:63,18
DA:66,17
DA:68,17
DA:69,16
DA:70,16
DA:71,16
DA:72,16
DA:75,16
DA:76,12
DA:77,2
DA:78,10
DA:79,1
DA:80,9
DA:81,1
DA:88,16
DA:89,16
DA:95,6
DA:96,6
DA:97,5
DA:103,1
DA:107,16
DA:116,17
DA:117,15
DA:118,16
DA:119,2
DA:124,17
LF:48
LH:48
BRDA:17,0,0,27
BRDA:17,0,1,8
BRDA:22,1,0,3
BRDA:22,1,1,2
BRDA:25,2,0,1
BRDA:25,2,1,1
BRDA:46,3,0,1
BRDA:46,3,1,35
BRDA:51,4,0,18
BRDA:51,4,1,17
BRDA:55,5,0,19
BRDA:55,5,1,19
BRDA:70,6,0,16
BRDA:70,6,1,16
BRDA:75,7,0,12
BRDA:75,7,1,4
BRDA:75,8,0,16
BRDA:75,8,1,14
BRDA:75,8,2,14
BRDA:76,9,0,2
BRDA:76,9,1,10
BRDA:76,10,0,12
BRDA:76,10,1,10
BRDA:78,11,0,1
BRDA:78,11,1,9
BRDA:80,12,0,1
BRDA:80,12,1,8
BRDA:89,13,0,6
BRDA:89,13,1,10
BRDA:90,14,0,16
BRDA:90,14,1,15
BRDA:90,14,2,15
BRDA:90,14,3,6
BRDA:96,15,0,5
BRDA:96,15,1,1
BRDA:116,16,0,15
BRDA:116,16,1,2
BRDA:118,17,0,2
BRDA:118,17,1,14
BRF:39
BRH:39
end_of_record
TN:
SF:src/hooks/useRepos.ts
FN:6,useRepos
FN:13,(anonymous_1)
FN:39,(anonymous_2)
FN:52,(anonymous_3)
FN:55,(anonymous_4)
FN:60,(anonymous_5)
FNF:6
FNH:6
FNDA:110,useRepos
FNDA:22,(anonymous_1)
FNDA:21,(anonymous_2)
FNDA:22,(anonymous_3)
FNDA:2,(anonymous_4)
FNDA:20,(anonymous_5)
DA:7,110
DA:8,110
DA:9,110
DA:10,110
DA:11,110
DA:13,110
DA:14,22
DA:15,0
DA:16,0
DA:17,0
DA:18,0
DA:19,0
DA:21,22
DA:22,22
DA:23,22
DA:24,22
DA:25,21
DA:26,21
DA:28,0
DA:29,0
DA:30,0
DA:31,0
DA:33,0
DA:35,22
DA:39,110
DA:40,21
DA:41,21
DA:42,1
DA:43,1
DA:44,1
DA:45,1
DA:48,20
DA:50,20
DA:52,20
DA:53,22
DA:54,22
DA:55,21
DA:59,20
DA:60,20
DA:61,20
DA:62,20
DA:63,20
DA:67,110
LF:43
LH:33
BRDA:6,0,0,110
BRDA:14,1,0,0
BRDA:14,1,1,22
BRDA:24,2,0,1
BRDA:24,2,1,21
BRDA:28,3,0,0
BRDA:28,3,1,0
BRDA:30,4,0,0
BRDA:30,4,1,0
BRDA:30,5,0,0
BRDA:30,5,1,0
BRDA:35,6,0,21
BRDA:35,6,1,1
BRDA:41,7,0,1
BRDA:41,7,1,20
BRDA:54,8,0,21
BRDA:54,8,1,1
BRDA:63,9,0,19
BRDA:63,9,1,1
BRF:19
BRH:12
end_of_record
TN:
SF:src/hooks/useRunners.ts
FN:13,useRunners
FN:24,(anonymous_1)
FN:30,(anonymous_2)
FN:51,(anonymous_3)
FN:57,(anonymous_4)
FN:59,(anonymous_5)
FN:60,(anonymous_6)
FN:68,runPending2
FN:75,(anonymous_8)
FN:76,(anonymous_9)
FN:78,(anonymous_10)
FN:89,(anonymous_11)
FN:98,(anonymous_12)
FN:99,(anonymous_13)
FN:107,(anonymous_14)
FN:108,(anonymous_15)
FN:116,(anonymous_16)
FN:117,(anonymous_17)
FN:125,(anonymous_18)
FN:126,(anonymous_19)
FN:134,(anonymous_20)
FN:143,(anonymous_21)
FN:144,(anonymous_22)
FN:153,(anonymous_23)
FN:154,(anonymous_24)
FN:163,(anonymous_25)
FN:164,(anonymous_26)
FN:173,(anonymous_27)
FN:174,(anonymous_28)
FN:183,(anonymous_29)
FN:184,(anonymous_30)
FNF:31
FNH:23
FNDA:28,useRunners
FNDA:27,(anonymous_1)
FNDA:27,(anonymous_2)
FNDA:27,(anonymous_3)
FNDA:10,(anonymous_4)
FNDA:10,(anonymous_5)
FNDA:10,(anonymous_6)
FNDA:5,runPending2
FNDA:5,(anonymous_8)
FNDA:5,(anonymous_9)
FNDA:5,(anonymous_10)
FNDA:1,(anonymous_11)
FNDA:1,(anonymous_12)
FNDA:1,(anonymous_13)
FNDA:1,(anonymous_14)
FNDA:1,(anonymous_15)
FNDA:1,(anonymous_16)
FNDA:1,(anonymous_17)
FNDA:1,(anonymous_18)
FNDA:1,(anonymous_19)
FNDA:1,(anonymous_20)
FNDA:0,(anonymous_21)
FNDA:0,(anonymous_22)
FNDA:1,(anonymous_23)
FNDA:1,(anonymous_24)
FNDA:0,(anonymous_25)
FNDA:0,(anonymous_26)
FNDA:0,(anonymous_27)
FNDA:0,(anonymous_28)
FNDA:0,(anonymous_29)
FNDA:0,(anonymous_30)
DA:14,28
DA:15,28
DA:16,28
DA:17,28
DA:18,28
DA:19,28
DA:20,28
DA:21,28
DA:22,28
DA:24,28
DA:25,27
DA:26,0
DA:27,0
DA:30,27
DA:31,27
DA:32,27
DA:33,27
DA:34,27
DA:35,27
DA:36,26
DA:37,26
DA:38,26
DA:40,1
DA:42,27
DA:43,10
DA:44,10
DA:50,27
DA:51,27
DA:52,27
DA:54,27
DA:57,28
DA:58,10
DA:59,10
DA:60,10
DA:61,10
DA:62,10
DA:66,28
DA:68,28
DA:72,5
DA:73,5
DA:75,5
DA:76,5
DA:77,5
DA:78,5
DA:79,5
DA:80,5
DA:81,5
DA:84,5
DA:85,5
DA:88,28
DA:90,1
DA:91,1
DA:92,1
DA:97,28
DA:99,1
DA:100,1
DA:101,1
DA:106,28
DA:108,1
DA:109,1
DA:110,1
DA:115,28
DA:117,1
DA:118,1
DA:119,1
DA:124,28
DA:126,1
DA:127,1
DA:128,1
DA:133,28
DA:135,1
DA:136,1
DA:137,1
DA:142,28
DA:144,0
DA:145,0
DA:146,0
DA:147,0
DA:152,28
DA:154,1
DA:155,1
DA:156,1
DA:157,1
DA:162,28
DA:164,0
DA:165,0
DA:166,0
DA:167,0
DA:172,28
DA:174,0
DA:175,0
DA:176,0
DA:177,0
DA:182,28
DA:184,0
DA:185,0
DA:186,0
DA:187,0
DA:192,28
LF:99
LH:81
BRDA:25,0,0,0
BRDA:25,0,1,27
BRDA:36,1,0,0
BRDA:36,1,1,26
BRDA:40,2,0,1
BRDA:40,2,1,0
BRDA:42,3,0,10
BRDA:42,3,1,17
BRDA:42,4,0,27
BRDA:42,4,1,27
BRDA:52,5,0,27
BRDA:52,5,1,0
BRDA:73,6,0,0
BRDA:73,6,1,5
BRF:14
BRH:9
end_of_record
TN:
SF:src/hooks/useScan.ts
FN:11,useScan
FN:26,(anonymous_1)
FN:32,(anonymous_2)
FN:34,(anonymous_3)
FN:42,(anonymous_4)
FN:50,(anonymous_5)
FN:55,(anonymous_6)
FN:69,(anonymous_7)
FN:70,(anonymous_8)
FN:74,(anonymous_9)
FN:105,(anonymous_10)
FN:122,(anonymous_11)
FN:139,(anonymous_12)
FN:172,(anonymous_13)
FN:179,(anonymous_14)
FN:184,(anonymous_15)
FN:205,(anonymous_16)
FN:210,(anonymous_17)
FN:211,(anonymous_18)
FN:217,(anonymous_19)
FNF:20
FNH:15
FNDA:25,useScan
FNDA:21,(anonymous_1)
FNDA:10,(anonymous_2)
FNDA:10,(anonymous_3)
FNDA:14,(anonymous_4)
FNDA:12,(anonymous_5)
FNDA:0,(anonymous_6)
FNDA:10,(anonymous_7)
FNDA:0,(anonymous_8)
FNDA:7,(anonymous_9)
FNDA:0,(anonymous_10)
FNDA:1,(anonymous_11)
FNDA:8,(anonymous_12)
FNDA:0,(anonymous_13)
FNDA:11,(anonymous_14)
FNDA:1,(anonymous_15)
FNDA:2,(anonymous_16)
FNDA:2,(anonymous_17)
FNDA:2,(anonymous_18)
FNDA:0,(anonymous_19)
DA:12,25
DA:13,25
DA:14,25
DA:15,25
DA:16,25
DA:17,25
DA:18,25
DA:19,25
DA:20,25
DA:21,25
DA:22,25
DA:23,25
DA:24,25
DA:26,25
DA:27,21
DA:28,21
DA:29,21
DA:32,25
DA:33,10
DA:34,10
DA:35,10
DA:36,10
DA:37,10
DA:38,10
DA:42,25
DA:43,14
DA:44,14
DA:45,1
DA:46,1
DA:50,25
DA:51,12
DA:52,4
DA:53,4
DA:55,0
DA:57,4
DA:58,4
DA:59,4
DA:60,4
DA:61,4
DA:62,4
DA:63,4
DA:64,4
DA:69,25
DA:70,10
DA:73,25
DA:75,7
DA:76,7
DA:77,7
DA:79,7
DA:80,1
DA:81,1
DA:82,1
DA:83,1
DA:84,1
DA:88,1
DA:90,6
DA:92,5
DA:94,0
DA:95,0
DA:99,0
DA:101,0
DA:102,0
DA:104,0
DA:105,0
DA:106,0
DA:111,0
DA:114,4
DA:115,4
DA:116,4
DA:117,4
DA:119,1
DA:120,1
DA:121,1
DA:122,1
DA:123,1
DA:128,1
DA:129,1
DA:138,25
DA:140,8
DA:142,8
DA:143,8
DA:144,1
DA:145,1
DA:148,7
DA:149,7
DA:150,7
DA:151,7
DA:152,7
DA:153,7
DA:154,7
DA:155,7
DA:156,7
DA:158,7
DA:162,7
DA:163,7
DA:164,0
DA:165,0
DA:167,7
DA:168,7
DA:170,7
DA:171,7
DA:172,0
DA:173,0
DA:174,0
DA:177,7
DA:178,7
DA:179,11
DA:181,7
DA:182,7
DA:183,1
DA:184,1
DA:186,7
DA:188,0
DA:189,0
DA:190,0
DA:191,0
DA:192,0
DA:193,0
DA:194,0
DA:195,0
DA:196,0
DA:197,0
DA:198,0
DA:205,25
DA:206,2
DA:207,2
DA:208,2
DA:209,2
DA:210,2
DA:211,2
DA:212,1
DA:213,0
DA:217,25
DA:218,0
DA:219,0
DA:220,0
DA:221,0
DA:224,25
LF:138
LH:107
BRDA:44,0,0,1
BRDA:44,0,1,13
BRDA:44,1,0,14
BRDA:44,1,1,1
BRDA:51,2,0,8
BRDA:51,2,1,4
BRDA:51,3,0,12
BRDA:51,3,1,11
BRDA:55,4,0,0
BRDA:55,4,1,0
BRDA:55,5,0,0
BRDA:55,5,1,0
BRDA:62,6,0,4
BRDA:62,6,1,0
BRDA:77,7,0,0
BRDA:77,7,1,7
BRDA:79,8,0,1
BRDA:79,8,1,6
BRDA:80,9,0,0
BRDA:80,9,1,1
BRDA:80,10,0,1
BRDA:80,10,1,0
BRDA:81,11,0,0
BRDA:81,11,1,1
BRDA:83,12,0,1
BRDA:83,12,1,0
BRDA:90,13,0,1
BRDA:90,13,1,5
BRDA:92,14,0,5
BRDA:92,14,1,0
BRDA:92,14,2,0
BRDA:92,14,3,3
BRDA:92,14,4,4
BRDA:92,14,5,1
BRDA:94,15,0,0
BRDA:94,15,1,0
BRDA:101,16,0,0
BRDA:101,16,1,0
BRDA:104,17,0,0
BRDA:104,17,1,0
BRDA:106,18,0,0
BRDA:106,18,1,0
BRDA:121,19,0,1
BRDA:121,19,1,0
BRDA:142,20,0,0
BRDA:142,20,1,8
BRDA:142,21,0,8
BRDA:142,21,1,8
BRDA:143,22,0,1
BRDA:143,22,1,7
BRDA:143,23,0,8
BRDA:143,23,1,2
BRDA:163,24,0,0
BRDA:163,24,1,7
BRDA:171,25,0,0
BRDA:171,25,1,7
BRDA:182,26,0,1
BRDA:182,26,1,6
BRDA:195,27,0,0
BRDA:195,27,1,0
BRDA:209,28,0,1
BRDA:209,28,1,1
BRDA:212,29,0,0
BRDA:212,29,1,1
BRF:64
BRH:37
end_of_record
TN:
SF:src/hooks/useTrayIcon.ts
FN:5,computeTrayState
FN:7,(anonymous_1)
FN:8,(anonymous_2)
FN:12,useTrayIcon
FN:15,(anonymous_4)
FN:19,(anonymous_5)
FNF:6
FNH:0
FNDA:0,computeTrayState
FNDA:0,(anonymous_1)
FNDA:0,(anonymous_2)
FNDA:0,useTrayIcon
FNDA:0,(anonymous_4)
FNDA:0,(anonymous_5)
DA:6,0
DA:7,0
DA:8,0
DA:9,0
DA:13,0
DA:15,0
DA:16,0
DA:17,0
DA:18,0
DA:19,0
LF:10
LH:0
BRDA:6,0,0,0
BRDA:6,0,1,0
BRDA:7,1,0,0
BRDA:7,1,1,0
BRDA:8,2,0,0
BRDA:8,2,1,0
BRDA:17,3,0,0
BRDA:17,3,1,0
BRF:8
BRH:0
end_of_record
TN:
SF:src/utils/formatElapsed.ts
FN:1,formatElapsed
FNF:1
FNH:1
FNDA:22,formatElapsed
DA:2,22
DA:3,17
DA:4,13
DA:5,13
DA:6,3
DA:7,3
DA:8,3
LF:7
LH:7
BRDA:2,0,0,5
BRDA:2,0,1,17
BRDA:2,1,0,22
BRDA:2,1,1,18
BRDA:3,2,0,4
BRDA:3,2,1,13
BRDA:5,3,0,10
BRDA:5,3,1,3
BRF:8
BRH:8
end_of_record
TN:
SF:src/utils/openExternal.ts
FN:10,openExternal
FNF:1
FNH:0
FNDA:0,openExternal
DA:11,0
DA:12,0
DA:14,0
LF:3
LH:0
BRF:0
BRH:0
end_of_record
TN:
SF:src/utils/runnerHelpers.ts
FN:1,elapsedSeconds
FN:8,jobProgress
FN:18,formatJobElapsed
FNF:3
FNH:2
FNDA:9,elapsedSeconds
FNDA:9,jobProgress
FNDA:0,formatJobElapsed
DA:2,9
DA:3,7
DA:4,7
DA:5,7
DA:12,9
DA:13,0
DA:14,0
DA:15,0
DA:19,0
DA:20,0
DA:21,0
DA:22,0
DA:23,0
DA:24,0
LF:14
LH:5
BRDA:2,0,0,2
BRDA:2,0,1,7
BRDA:4,1,0,0
BRDA:4,1,1,7
BRDA:12,2,0,9
BRDA:12,2,1,0
BRDA:12,3,0,9
BRDA:12,3,1,7
BRDA:12,3,2,0
BRDA:14,4,0,0
BRDA:14,4,1,0
BRDA:20,5,0,0
BRDA:20,5,1,0
BRDA:21,6,0,0
BRDA:21,6,1,0
BRF:15
BRH:6
end_of_record
